<?xml version="1.0" encoding="UTF-8"?>
<!-- Generated by org.testng.reporters.JUnitXMLReporter -->
<testsuite ignored="0" hostname="DESKTOP-A3C766P" failures="0" tests="8" name="Test3" time="0.155" errors="0" timestamp="2023-12-25T01:34:43 IST">
  <testcase classname="TestNupdates.DependsOnMethodPrgm" name="hi" time="0.02"/>
  <testcase classname="TestNupdates.DependsOnMethodPrgm" name="seeyou" time="0.003"/>
  <testcase classname="TestNupdates.DependsOnMethodPrgm" name="seeyou" time="0.016"/>
  <testcase classname="TestNupdates.DependsOnMethodPrgm" name="seeyou" time="0.004"/>
  <testcase classname="TestNupdates.DependsOnMethodPrgm" name="seeyou" time="0.002"/>
  <testcase classname="TestNupdates.DependsOnMethodPrgm" name="hello" time="0.002"/>
  <testcase classname="TestNupdates.DependsOnMethodPrgm" name="good" time="0.001"/>
  <testcase classname="TestNupdates.DependsOnMethodPrgm" name="bye" time="0.002"/>
</testsuite> <!-- Test3 -->
