<?xml version="1.0" encoding="UTF-8"?>
<!-- Generated by org.testng.reporters.JUnitXMLReporter -->
<testsuite ignored="0" hostname="DESKTOP-A3C766P" failures="0" tests="4" name="Test2" time="0.121" errors="0" timestamp="2023-12-25T01:34:43 IST">
  <testcase classname="TestNupdates.BasicPrgm" name="div" time="0.023"/>
  <testcase classname="TestNupdates.BasicPrgm" name="mul" time="0.019"/>
  <testcase classname="TestNupdates.BasicPrgm" name="subtraction" time="0.001"/>
  <testcase classname="TestNupdates.BasicPrgm" name="add" time="0.002"/>
</testsuite> <!-- Test2 -->
