<?xml version="1.0" encoding="UTF-8"?>
<!-- Generated by org.testng.reporters.JUnitXMLReporter -->
<testsuite ignored="0" hostname="DESKTOP-A3C766P" failures="0" tests="14" name="Test" time="0.135" errors="0" timestamp="2023-12-25T01:39:27 IST">
  <testcase classname="TestNupdates.DataProviderPrgm" name="getData" time="0.007"/>
  <testcase classname="TestNupdates.DataProviderPrgm" name="getData" time="0.001"/>
  <testcase classname="TestNupdates.BasicPrgm" name="div" time="0.003"/>
  <testcase classname="TestNupdates.BasicPrgm" name="mul" time="0.003"/>
  <testcase classname="TestNupdates.BasicPrgm" name="subtraction" time="0.003"/>
  <testcase classname="TestNupdates.BasicPrgm" name="add" time="0.002"/>
  <testcase classname="TestNupdates.DependsOnMethodPrgm" name="hi" time="0.001"/>
  <testcase classname="TestNupdates.DependsOnMethodPrgm" name="hello" time="0.004"/>
  <testcase classname="TestNupdates.DependsOnMethodPrgm" name="good" time="0.001"/>
  <testcase classname="TestNupdates.DependsOnMethodPrgm" name="bye" time="0.003"/>
  <testcase classname="TestNupdates.DependsOnMethodPrgm" name="seeyou" time="0.001"/>
  <testcase classname="TestNupdates.DependsOnMethodPrgm" name="seeyou" time="0.004"/>
  <testcase classname="TestNupdates.DependsOnMethodPrgm" name="seeyou" time="0.001"/>
  <testcase classname="TestNupdates.DependsOnMethodPrgm" name="seeyou" time="0.001"/>
</testsuite> <!-- Test -->
